<?xml version="1.0" encoding="UTF-8"?>
<testsuite name="com.example.project.CalculatorTests" tests="5" skipped="0" failures="0" errors="0" timestamp="2023-01-01T00:00:00" hostname="localhost" time="0.039">
  <properties/>
  <testcase name="1 + 1 = 2" classname="com.example.project.CalculatorTests" time="0.007"/>
  <testcase name="0 + 1 = 1" classname="com.example.project.CalculatorTests" time="0.01"/>
  <testcase name="1 + 2 = 3" classname="com.example.project.CalculatorTests" time="0.0"/>
  <testcase name="49 + 51 = 100" classname="com.example.project.CalculatorTests" time="0.001"/>
  <testcase name="1 + 100 = 101" classname="com.example.project.CalculatorTests" time="0.001"/>
  <system-out><![CDATA[]]></system-out>
  <system-err><![CDATA[]]></system-err>
</testsuite>
